
Gurobi 6.5.0 (linux64) logging started Thu Apr  6 17:44:25 2017

Changed value of parameter UpdateMode to 1
   Prev: 0  Min: 0  Max: 1  Default: 0

Gurobi 6.5.0 (linux64) logging started Thu Apr  6 20:56:34 2017

Changed value of parameter UpdateMode to 1
   Prev: 0  Min: 0  Max: 1  Default: 0
Changed value of parameter UpdateMode to 1
   Prev: 0  Min: 0  Max: 1  Default: 0
Changed value of parameter UpdateMode to 1
   Prev: 0  Min: 0  Max: 1  Default: 0
Changed value of parameter UpdateMode to 1
   Prev: 0  Min: 0  Max: 1  Default: 0
Optimize a model with 453843 rows, 416325 columns and 737004 nonzeros
Coefficient statistics:
  Matrix range    [9e-01, 1e+02]
  Objective range [1e-01, 1e+00]
  Bounds range    [5e-01, 1e+00]
  RHS range       [1e-04, 9e-01]
Presolve removed 188558 rows and 186591 columns
Presolve time: 0.21s

Explored 0 nodes (0 simplex iterations) in 1.61 seconds
Thread count was 1 (of 4 available processors)

Model is infeasible
Best objective -, best bound -, gap -
Changed value of parameter UpdateMode to 1
   Prev: 0  Min: 0  Max: 1  Default: 0
Optimize a model with 453843 rows, 416325 columns and 737004 nonzeros
Coefficient statistics:
  Matrix range    [9e-01, 1e+02]
  Objective range [1e-01, 1e+00]
  Bounds range    [5e-01, 1e+00]
  RHS range       [1e-04, 9e-01]
Presolve removed 188558 rows and 186591 columns
Presolve time: 0.07s

Explored 0 nodes (0 simplex iterations) in 1.32 seconds
Thread count was 1 (of 4 available processors)

Model is infeasible
Best objective -, best bound -, gap -

Computing Irreducible Inconsistent Subsystem (IIS)...

      Constraints           Bounds       Runtime
     Min       Max       Min      Max
------------------------------------------------
        0   453843         0   832650         0s

IIS computed: 1 constraints, 1 bounds
IIS runtime: 0.61 seconds
Changed value of parameter UpdateMode to 1
   Prev: 0  Min: 0  Max: 1  Default: 0
Optimize a model with 453843 rows, 416325 columns and 737004 nonzeros
Coefficient statistics:
  Matrix range    [9e-01, 2e+02]
  Objective range [1e-01, 1e+00]
  Bounds range    [5e-01, 1e+00]
  RHS range       [1e-04, 9e-01]
Presolve removed 188558 rows and 186591 columns
Presolve time: 0.07s

Explored 0 nodes (0 simplex iterations) in 1.12 seconds
Thread count was 1 (of 4 available processors)

Model is infeasible
Best objective -, best bound -, gap -
Changed value of parameter UpdateMode to 1
   Prev: 0  Min: 0  Max: 1  Default: 0
Optimize a model with 453843 rows, 416325 columns and 737004 nonzeros
Coefficient statistics:
  Matrix range    [9e-01, 2e+03]
  Objective range [1e-01, 1e+00]
  Bounds range    [5e-01, 1e+00]
  RHS range       [1e-04, 9e-01]
Presolve removed 188558 rows and 186591 columns
Presolve time: 0.07s

Explored 0 nodes (0 simplex iterations) in 0.65 seconds
Thread count was 1 (of 4 available processors)

Model is infeasible
Best objective -, best bound -, gap -

Computing Irreducible Inconsistent Subsystem (IIS)...

      Constraints           Bounds       Runtime
     Min       Max       Min      Max
------------------------------------------------
        0   453843         0   832650         0s

IIS computed: 1 constraints, 1 bounds
IIS runtime: 0.45 seconds
Changed value of parameter UpdateMode to 1
   Prev: 0  Min: 0  Max: 1  Default: 0
Optimize a model with 453843 rows, 416325 columns and 737004 nonzeros
Coefficient statistics:
  Matrix range    [9e-01, 2e+03]
  Objective range [1e-01, 1e+00]
  Bounds range    [5e-01, 1e+00]
  RHS range       [1e-04, 9e-01]
Presolve removed 188558 rows and 186591 columns
Presolve time: 0.09s

Explored 0 nodes (0 simplex iterations) in 0.69 seconds
Thread count was 1 (of 4 available processors)

Model is infeasible
Best objective -, best bound -, gap -

Computing Irreducible Inconsistent Subsystem (IIS)...

      Constraints           Bounds       Runtime
     Min       Max       Min      Max
------------------------------------------------
        0   453843         0   832650         0s

IIS computed: 1 constraints, 1 bounds
IIS runtime: 0.48 seconds
Changed value of parameter UpdateMode to 1
   Prev: 0  Min: 0  Max: 1  Default: 0
Optimize a model with 453843 rows, 416325 columns and 737004 nonzeros
Coefficient statistics:
  Matrix range    [1e+00, 2e+03]
  Objective range [1e-01, 1e+00]
  Bounds range    [9e-01, 1e+00]
  RHS range       [2e-02, 2e+00]
Found heuristic solution: objective 1178.2
Presolve removed 445759 rows and 409735 columns (presolve time = 9s) ...
Presolve removed 445759 rows and 409735 columns
Presolve time: 9.33s
Presolved: 8084 rows, 6590 columns, 23483 nonzeros
Found heuristic solution: objective 648.2000000
Variable types: 2663 continuous, 3927 integer (3927 binary)

Root simplex log...

Iteration    Objective       Primal Inf.    Dual Inf.      Time
       0    5.4230000e+02   6.491519e+02   0.000000e+00      9s
    4810    5.7358066e+02   0.000000e+00   0.000000e+00      9s

Root relaxation: objective 5.735807e+02, 4810 iterations, 0.04 seconds

    Nodes    |    Current Node    |     Objective Bounds      |     Work
 Expl Unexpl |  Obj  Depth IntInf | Incumbent    BestBd   Gap | It/Node Time

     0     0  573.58066    0  763  648.20000  573.58066  11.5%     -    9s
H    0     0                     613.0000000  573.58066  6.43%     -    9s
H    0     0                     605.7000000  573.58066  5.30%     -    9s
     0     0  585.03156    0  514  605.70000  585.03156  3.41%     -    9s
     0     0  585.03156    0  759  605.70000  585.03156  3.41%     -   10s
H    0     0                     604.8000000  585.03156  3.27%     -   10s
     0     0  585.58138    0  547  604.80000  585.58138  3.18%     -   10s
H    0     0                     601.7000000  585.58138  2.68%     -   10s
     0     0  586.15750    0  558  601.70000  586.15750  2.58%     -   10s
     0     0  590.40559    0  590  601.70000  590.40559  1.88%     -   10s
H    0     0                     600.0000000  590.40559  1.60%     -   10s
     0     0  590.72182    0  623  600.00000  590.72182  1.55%     -   10s
     0     0  593.27526    0  442  600.00000  593.27526  1.12%     -   10s
H    0     0                     599.9000000  593.27526  1.10%     -   11s
     0     0  593.27526    0  499  599.90000  593.27526  1.10%     -   11s
     0     0  593.27526    0  346  599.90000  593.27526  1.10%     -   11s
H    0     0                     599.7000000  593.27526  1.07%     -   11s
     0     0  593.27526    0  378  599.70000  593.27526  1.07%     -   11s
     0     0  594.63440    0  418  599.70000  594.63440  0.84%     -   11s
H    0     0                     599.6000000  594.63440  0.83%     -   11s
     0     0  594.78276    0  449  599.60000  594.78276  0.80%     -   11s
     0     0  595.93211    0  416  599.60000  595.93211  0.61%     -   11s
H    0     0                     599.5000000  595.93211  0.60%     -   11s
     0     0  596.04005    0  417  599.50000  596.04005  0.58%     -   11s
     0     0  596.69658    0  304  599.50000  596.69658  0.47%     -   11s
     0     0  596.69658    0  309  599.50000  596.69658  0.47%     -   11s
     0     0  596.69658    0  217  599.50000  596.69658  0.47%     -   11s
     0     0  596.69658    0  262  599.50000  596.69658  0.47%     -   11s
     0     0  596.93041    0  262  599.50000  596.93041  0.43%     -   11s
     0     0  597.02747    0  263  599.50000  597.02747  0.41%     -   11s
     0     0  597.32798    0  225  599.50000  597.32798  0.36%     -   11s
H    0     0                     598.8000000  597.32798  0.25%     -   11s
     0     0  597.33333    0  234  598.80000  597.33333  0.24%     -   11s
     0     0  597.54096    0  204  598.80000  597.54096  0.21%     -   11s
H    0     0                     598.7000000  597.54096  0.19%     -   12s
     0     0  597.54624    0  153  598.70000  597.54624  0.19%     -   12s
     0     0  597.68419    0  205  598.70000  597.68419  0.17%     -   12s
     0     0  597.68627    0  210  598.70000  597.68627  0.17%     -   12s
     0     0  597.82528    0  173  598.70000  597.82528  0.15%     -   12s
     0     0  597.82528    0  234  598.70000  597.82528  0.15%     -   12s
H    0     0                     598.6000000  597.82528  0.13%     -   12s
     0     0  597.82528    0  162  598.60000  597.82528  0.13%     -   12s
     0     0  597.82528    0  212  598.60000  597.82528  0.13%     -   12s
     0     0  597.82528    0  180  598.60000  597.82528  0.13%     -   12s
     0     0  597.88893    0  181  598.60000  597.88893  0.12%     -   12s
     0     0  598.07911    0  175  598.60000  598.07911  0.09%     -   12s
     0     0  598.13059    0  185  598.60000  598.13059  0.08%     -   12s
     0     0  598.18002    0  172  598.60000  598.18002  0.07%     -   12s
     0     0  598.19090    0  170  598.60000  598.19090  0.07%     -   12s
     0     0  598.20827    0  162  598.60000  598.20827  0.07%     -   12s
     0     0  598.20915    0  174  598.60000  598.20915  0.07%     -   12s
     0     0  598.22240    0  124  598.60000  598.22240  0.06%     -   12s
     0     0  598.22242    0  148  598.60000  598.22242  0.06%     -   12s
     0     0  598.22242    0  148  598.60000  598.22242  0.06%     -   12s
     0     0  598.22242    0  125  598.60000  598.22242  0.06%     -   12s
     0     2  598.22242    0  123  598.60000  598.22242  0.06%     -   12s

Cutting planes:
  Learned: 7
  Gomory: 35
  Cover: 178
  Implied bound: 177
  Clique: 59
  MIR: 320
  Flow cover: 11

Explored 939 nodes (42343 simplex iterations) in 13.46 seconds
Thread count was 4 (of 4 available processors)

Optimal solution found (tolerance 1.00e-04)
Best objective 5.986000000000e+02, best bound 5.986000000000e+02, gap 0.0%
Changed value of parameter UpdateMode to 1
   Prev: 0  Min: 0  Max: 1  Default: 0
Changed value of parameter UpdateMode to 1
   Prev: 0  Min: 0  Max: 1  Default: 0
Changed value of parameter TimeLimit to 100.0
   Prev: 1e+100  Min: 0.0  Max: 1e+100  Default: 1e+100
Changed value of parameter Presolve to 2
   Prev: -1  Min: -1  Max: 2  Default: -1
Changed value of parameter MIPFocus to 1
   Prev: 0  Min: 0  Max: 3  Default: 0
Optimize a model with 453843 rows, 416325 columns and 737004 nonzeros
Coefficient statistics:
  Matrix range    [1e+00, 2e+03]
  Objective range [1e-01, 1e+00]
  Bounds range    [9e-01, 1e+00]
  RHS range       [2e-02, 2e+00]
Found heuristic solution: objective 1178.2
Presolve removed 445769 rows and 409742 columns (presolve time = 11s) ...
Presolve removed 445769 rows and 409742 columns
Presolve time: 11.00s
Presolved: 8074 rows, 6583 columns, 23457 nonzeros
Found heuristic solution: objective 648.1000000
Variable types: 2660 continuous, 3923 integer (3923 binary)
Presolve removed 31 rows and 698 columns
Presolved: 8043 rows, 5885 columns, 21569 nonzeros


Root simplex log...

Iteration    Objective       Primal Inf.    Dual Inf.      Time
       0    5.4251613e+02   6.470270e+02   0.000000e+00     11s
    3950    5.7359963e+02   0.000000e+00   0.000000e+00     11s
    3950    5.7359963e+02   0.000000e+00   0.000000e+00     11s

Root relaxation: objective 5.735996e+02, 3950 iterations, 0.04 seconds

    Nodes    |    Current Node    |     Objective Bounds      |     Work
 Expl Unexpl |  Obj  Depth IntInf | Incumbent    BestBd   Gap | It/Node Time

     0     0  573.59963    0  768  648.10000  573.59963  11.5%     -   11s
H    0     0                     613.4000000  573.59963  6.49%     -   11s
H    0     0                     607.8000000  573.59963  5.63%     -   11s
     0     0  585.05032    0  516  607.80000  585.05032  3.74%     -   11s
     0     0  585.05032    0  763  607.80000  585.05032  3.74%     -   11s
H    0     0                     605.6000000  585.05032  3.39%     -   11s
     0     0  585.46535    0  577  605.60000  585.46535  3.32%     -   12s
     0     0  586.08083    0  664  605.60000  586.08083  3.22%     -   12s
     0     0  590.21861    0  622  605.60000  590.21861  2.54%     -   12s
H    0     0                     604.9000000  590.21861  2.43%     -   12s
     0     0  590.53753    0  642  604.90000  590.53753  2.37%     -   12s
     0     0  593.07353    0  522  604.90000  593.07353  1.96%     -   12s
H    0     0                     603.3000000  593.07353  1.70%     -   12s
     0     0  593.42063    0  554  603.30000  593.42063  1.64%     -   12s
     0     0  595.12529    0  341  603.30000  595.12529  1.35%     -   12s
     0     0  595.12529    0  420  603.30000  595.12529  1.35%     -   13s
     0     0  595.12529    0  274  603.30000  595.12529  1.35%     -   13s
H    0     0                     603.0000000  595.12529  1.31%     -   13s
     0     0  595.12529    0  327  603.00000  595.12529  1.31%     -   13s
     0     0  596.08463    0  302  603.00000  596.08463  1.15%     -   13s
H    0     0                     601.8000000  596.08463  0.95%     -   13s
     0     0  596.23691    0  312  601.80000  596.23691  0.92%     -   13s
     0     0  596.78728    0  249  601.80000  596.78728  0.83%     -   13s
H    0     0                     601.4000000  596.78728  0.77%     -   13s
     0     0  596.94097    0  267  601.40000  596.94097  0.74%     -   13s
     0     0  597.55732    0  234  601.40000  597.55732  0.64%     -   13s
H    0     0                     599.6000000  597.55732  0.34%     -   13s
     0     0  597.57523    0  231  599.60000  597.57523  0.34%     -   13s
     0     0  597.71805    0  196  599.60000  597.71805  0.31%     -   13s
H    0     0                     599.5000000  597.71805  0.30%     -   13s
     0     0  597.71805    0  259  599.50000  597.71805  0.30%     -   13s
     0     0  597.71805    0  181  599.50000  597.71805  0.30%     -   13s
H    0     0                     599.4000000  597.71805  0.28%     -   13s
     0     0  597.71805    0  208  599.40000  597.71805  0.28%     -   13s
     0     0  597.71805    0  187  599.40000  597.71805  0.28%     -   13s
     0     0  597.73194    0  193  599.40000  597.73194  0.28%     -   13s
     0     0  597.99589    0  164  599.40000  597.99589  0.23%     -   13s
H    0     0                     598.8000000  597.99589  0.13%     -   13s
     0     0  598.00804    0  187  598.80000  598.00804  0.13%     -   13s
     0     0  598.03573    0  166  598.80000  598.03573  0.13%     -   13s
H    0     0                     598.7000000  598.03573  0.11%     -   13s
     0     0  598.04840    0  165  598.70000  598.04840  0.11%     -   13s
     0     0  598.05069    0  137  598.70000  598.05069  0.11%     -   13s
H    0     0                     598.6000000  598.05069  0.09%     -   13s
     0     0  598.05069    0  216  598.60000  598.05069  0.09%     -   14s
     0     0  598.05069    0  135  598.60000  598.05069  0.09%     -   14s
     0     0  598.05069    0  159  598.60000  598.05069  0.09%     -   14s
     0     0  598.05069    0   98  598.60000  598.05069  0.09%     -   14s
     0     0  598.05069    0  122  598.60000  598.05069  0.09%     -   14s
     0     0  598.13164    0  134  598.60000  598.13164  0.08%     -   14s
     0     0  598.13947    0  139  598.60000  598.13947  0.08%     -   14s
     0     0  598.19116    0  128  598.60000  598.19116  0.07%     -   14s
     0     0  598.19221    0  149  598.60000  598.19221  0.07%     -   14s
     0     0  598.19473    0  133  598.60000  598.19473  0.07%     -   14s
     0     2  598.19473    0  133  598.60000  598.19473  0.07%     -   14s

Cutting planes:
  Learned: 8
  Gomory: 30
  Cover: 153
  Implied bound: 113
  Clique: 57
  MIR: 236
  Flow cover: 8

Explored 467 nodes (28026 simplex iterations) in 14.67 seconds
Thread count was 4 (of 4 available processors)

Optimal solution found (tolerance 1.00e-04)
Best objective 5.986000000000e+02, best bound 5.986000000000e+02, gap 0.0%
Parameter TimeLimit unchanged
   Value: 100.0  Min: 0.0  Max: 1e+100  Default: 1e+100
Parameter Presolve unchanged
   Value: 2  Min: -1  Max: 2  Default: -1
Parameter MIPFocus unchanged
   Value: 1  Min: 0  Max: 3  Default: 0
Optimize a model with 453843 rows, 416325 columns and 737004 nonzeros
Coefficient statistics:
  Matrix range    [1e+00, 2e+03]
  Objective range [1e-01, 1e+00]
  Bounds range    [9e-01, 1e+00]
  RHS range       [2e-02, 2e+00]
Presolved: 8074 rows, 6583 columns, 23457 nonzeros

Continuing optimization...


Cutting planes:
  Learned: 8
  Gomory: 30
  Cover: 153
  Implied bound: 113
  Clique: 57
  MIR: 236
  Flow cover: 8

Explored 467 nodes (28026 simplex iterations) in 0.05 seconds
Thread count was 4 (of 4 available processors)

Optimal solution found (tolerance 1.00e-04)
Best objective 5.986000000000e+02, best bound 5.986000000000e+02, gap 0.0%
Changed value of parameter UpdateMode to 1
   Prev: 0  Min: 0  Max: 1  Default: 0
Changed value of parameter TimeLimit to 100.0
   Prev: 1e+100  Min: 0.0  Max: 1e+100  Default: 1e+100
Changed value of parameter Presolve to 2
   Prev: -1  Min: -1  Max: 2  Default: -1
Changed value of parameter MIPFocus to 1
   Prev: 0  Min: 0  Max: 3  Default: 0
Optimize a model with 453843 rows, 416325 columns and 737004 nonzeros
Coefficient statistics:
  Matrix range    [1e+00, 2e+03]
  Objective range [1e-01, 1e+00]
  Bounds range    [9e-01, 1e+00]
  RHS range       [2e-02, 2e+00]
Found heuristic solution: objective 1178.2
Presolve removed 445769 rows and 409742 columns (presolve time = 11s) ...
Presolve removed 445769 rows and 409742 columns
Presolve time: 11.01s
Presolved: 8074 rows, 6583 columns, 23457 nonzeros
Found heuristic solution: objective 648.1000000
Variable types: 2660 continuous, 3923 integer (3923 binary)
Presolve removed 31 rows and 698 columns
Presolved: 8043 rows, 5885 columns, 21569 nonzeros


Root simplex log...

Iteration    Objective       Primal Inf.    Dual Inf.      Time
       0    5.4251613e+02   6.470270e+02   0.000000e+00     11s
    3950    5.7359963e+02   0.000000e+00   0.000000e+00     11s
    3950    5.7359963e+02   0.000000e+00   0.000000e+00     11s

Root relaxation: objective 5.735996e+02, 3950 iterations, 0.05 seconds

    Nodes    |    Current Node    |     Objective Bounds      |     Work
 Expl Unexpl |  Obj  Depth IntInf | Incumbent    BestBd   Gap | It/Node Time

     0     0  573.59963    0  768  648.10000  573.59963  11.5%     -   11s
H    0     0                     613.4000000  573.59963  6.49%     -   11s
H    0     0                     607.8000000  573.59963  5.63%     -   11s
     0     0  585.05032    0  516  607.80000  585.05032  3.74%     -   11s
     0     0  585.05032    0  763  607.80000  585.05032  3.74%     -   11s
H    0     0                     605.6000000  585.05032  3.39%     -   11s
     0     0  585.46535    0  577  605.60000  585.46535  3.32%     -   11s
     0     0  586.08083    0  664  605.60000  586.08083  3.22%     -   12s
     0     0  590.21861    0  622  605.60000  590.21861  2.54%     -   12s
H    0     0                     604.9000000  590.21861  2.43%     -   12s
     0     0  590.53753    0  642  604.90000  590.53753  2.37%     -   12s
     0     0  593.07353    0  522  604.90000  593.07353  1.96%     -   12s
H    0     0                     603.3000000  593.07353  1.70%     -   12s
     0     0  593.42063    0  554  603.30000  593.42063  1.64%     -   12s
     0     0  595.12529    0  341  603.30000  595.12529  1.35%     -   12s
     0     0  595.12529    0  420  603.30000  595.12529  1.35%     -   12s
     0     0  595.12529    0  274  603.30000  595.12529  1.35%     -   13s
H    0     0                     603.0000000  595.12529  1.31%     -   13s
     0     0  595.12529    0  327  603.00000  595.12529  1.31%     -   13s
     0     0  596.08463    0  302  603.00000  596.08463  1.15%     -   13s
H    0     0                     601.8000000  596.08463  0.95%     -   13s
     0     0  596.23691    0  312  601.80000  596.23691  0.92%     -   13s
     0     0  596.78728    0  249  601.80000  596.78728  0.83%     -   13s
H    0     0                     601.4000000  596.78728  0.77%     -   13s
     0     0  596.94097    0  267  601.40000  596.94097  0.74%     -   13s
     0     0  597.55732    0  234  601.40000  597.55732  0.64%     -   13s
H    0     0                     599.6000000  597.55732  0.34%     -   13s
     0     0  597.57523    0  231  599.60000  597.57523  0.34%     -   13s
     0     0  597.71805    0  196  599.60000  597.71805  0.31%     -   13s
H    0     0                     599.5000000  597.71805  0.30%     -   13s
     0     0  597.71805    0  259  599.50000  597.71805  0.30%     -   13s
     0     0  597.71805    0  181  599.50000  597.71805  0.30%     -   13s
H    0     0                     599.4000000  597.71805  0.28%     -   13s
     0     0  597.71805    0  208  599.40000  597.71805  0.28%     -   13s
     0     0  597.71805    0  187  599.40000  597.71805  0.28%     -   13s
     0     0  597.73194    0  193  599.40000  597.73194  0.28%     -   13s
     0     0  597.99589    0  164  599.40000  597.99589  0.23%     -   13s
H    0     0                     598.8000000  597.99589  0.13%     -   13s
     0     0  598.00804    0  187  598.80000  598.00804  0.13%     -   13s
     0     0  598.03573    0  166  598.80000  598.03573  0.13%     -   13s
H    0     0                     598.7000000  598.03573  0.11%     -   13s
     0     0  598.04840    0  165  598.70000  598.04840  0.11%     -   13s
     0     0  598.05069    0  137  598.70000  598.05069  0.11%     -   13s
H    0     0                     598.6000000  598.05069  0.09%     -   13s
     0     0  598.05069    0  216  598.60000  598.05069  0.09%     -   13s
     0     0  598.05069    0  135  598.60000  598.05069  0.09%     -   13s
     0     0  598.05069    0  159  598.60000  598.05069  0.09%     -   13s
     0     0  598.05069    0   98  598.60000  598.05069  0.09%     -   13s
     0     0  598.05069    0  122  598.60000  598.05069  0.09%     -   13s
     0     0  598.13164    0  134  598.60000  598.13164  0.08%     -   13s
     0     0  598.13947    0  139  598.60000  598.13947  0.08%     -   14s
     0     0  598.19116    0  128  598.60000  598.19116  0.07%     -   14s
     0     0  598.19221    0  149  598.60000  598.19221  0.07%     -   14s
     0     0  598.19473    0  133  598.60000  598.19473  0.07%     -   14s
     0     2  598.19473    0  133  598.60000  598.19473  0.07%     -   14s

Cutting planes:
  Learned: 8
  Gomory: 30
  Cover: 153
  Implied bound: 113
  Clique: 57
  MIR: 236
  Flow cover: 8

Explored 467 nodes (28026 simplex iterations) in 14.39 seconds
Thread count was 4 (of 4 available processors)

Optimal solution found (tolerance 1.00e-04)
Best objective 5.986000000000e+02, best bound 5.986000000000e+02, gap 0.0%

Gurobi 6.5.0 (linux64) logging started Thu Apr  6 22:02:54 2017

Changed value of parameter UpdateMode to 1
   Prev: 0  Min: 0  Max: 1  Default: 0
Changed value of parameter TimeLimit to 100.0
   Prev: 1e+100  Min: 0.0  Max: 1e+100  Default: 1e+100
Changed value of parameter Presolve to 2
   Prev: -1  Min: -1  Max: 2  Default: -1
Changed value of parameter MIPFocus to 1
   Prev: 0  Min: 0  Max: 3  Default: 0
Optimize a model with 453843 rows, 416325 columns and 737004 nonzeros
Coefficient statistics:
  Matrix range    [1e+00, 2e+03]
  Objective range [1e-01, 1e+00]
  Bounds range    [9e-01, 1e+00]
  RHS range       [2e-02, 2e+00]
Found heuristic solution: objective 1178.2
Presolve removed 445769 rows and 409742 columns (presolve time = 11s) ...
Presolve removed 445769 rows and 409742 columns
Presolve time: 11.09s
Presolved: 8074 rows, 6583 columns, 23457 nonzeros
Found heuristic solution: objective 648.1000000
Variable types: 2660 continuous, 3923 integer (3923 binary)
Presolve removed 31 rows and 698 columns
Presolved: 8043 rows, 5885 columns, 21569 nonzeros


Root simplex log...

Iteration    Objective       Primal Inf.    Dual Inf.      Time
       0    5.4251613e+02   6.470270e+02   0.000000e+00     11s
    3950    5.7359963e+02   0.000000e+00   0.000000e+00     11s
    3950    5.7359963e+02   0.000000e+00   0.000000e+00     11s

Root relaxation: objective 5.735996e+02, 3950 iterations, 0.05 seconds

    Nodes    |    Current Node    |     Objective Bounds      |     Work
 Expl Unexpl |  Obj  Depth IntInf | Incumbent    BestBd   Gap | It/Node Time

     0     0  573.59963    0  768  648.10000  573.59963  11.5%     -   11s
H    0     0                     613.4000000  573.59963  6.49%     -   11s
H    0     0                     607.8000000  573.59963  5.63%     -   11s
     0     0  585.05032    0  516  607.80000  585.05032  3.74%     -   11s
     0     0  585.05032    0  763  607.80000  585.05032  3.74%     -   11s
H    0     0                     605.6000000  585.05032  3.39%     -   11s
     0     0  585.46535    0  577  605.60000  585.46535  3.32%     -   12s
     0     0  586.08083    0  664  605.60000  586.08083  3.22%     -   12s
     0     0  590.21861    0  622  605.60000  590.21861  2.54%     -   12s
H    0     0                     604.9000000  590.21861  2.43%     -   12s
     0     0  590.53753    0  642  604.90000  590.53753  2.37%     -   12s
     0     0  593.07353    0  522  604.90000  593.07353  1.96%     -   12s
H    0     0                     603.3000000  593.07353  1.70%     -   12s
     0     0  593.42063    0  554  603.30000  593.42063  1.64%     -   12s
     0     0  595.12529    0  341  603.30000  595.12529  1.35%     -   12s
     0     0  595.12529    0  420  603.30000  595.12529  1.35%     -   13s
     0     0  595.12529    0  274  603.30000  595.12529  1.35%     -   13s
H    0     0                     603.0000000  595.12529  1.31%     -   13s
     0     0  595.12529    0  327  603.00000  595.12529  1.31%     -   13s
     0     0  596.08463    0  302  603.00000  596.08463  1.15%     -   13s
H    0     0                     601.8000000  596.08463  0.95%     -   13s
     0     0  596.23691    0  312  601.80000  596.23691  0.92%     -   13s
     0     0  596.78728    0  249  601.80000  596.78728  0.83%     -   13s
H    0     0                     601.4000000  596.78728  0.77%     -   13s
     0     0  596.94097    0  267  601.40000  596.94097  0.74%     -   13s
     0     0  597.55732    0  234  601.40000  597.55732  0.64%     -   13s
H    0     0                     599.6000000  597.55732  0.34%     -   13s
     0     0  597.57523    0  231  599.60000  597.57523  0.34%     -   13s
     0     0  597.71805    0  196  599.60000  597.71805  0.31%     -   13s
H    0     0                     599.5000000  597.71805  0.30%     -   13s
     0     0  597.71805    0  259  599.50000  597.71805  0.30%     -   13s
     0     0  597.71805    0  181  599.50000  597.71805  0.30%     -   13s
H    0     0                     599.4000000  597.71805  0.28%     -   13s
     0     0  597.71805    0  208  599.40000  597.71805  0.28%     -   13s
     0     0  597.71805    0  187  599.40000  597.71805  0.28%     -   13s
     0     0  597.73194    0  193  599.40000  597.73194  0.28%     -   13s
     0     0  597.99589    0  164  599.40000  597.99589  0.23%     -   13s
H    0     0                     598.8000000  597.99589  0.13%     -   13s
     0     0  598.00804    0  187  598.80000  598.00804  0.13%     -   13s
     0     0  598.03573    0  166  598.80000  598.03573  0.13%     -   13s
H    0     0                     598.7000000  598.03573  0.11%     -   13s
     0     0  598.04840    0  165  598.70000  598.04840  0.11%     -   13s
     0     0  598.05069    0  137  598.70000  598.05069  0.11%     -   13s
H    0     0                     598.6000000  598.05069  0.09%     -   13s
     0     0  598.05069    0  216  598.60000  598.05069  0.09%     -   13s
     0     0  598.05069    0  135  598.60000  598.05069  0.09%     -   14s
     0     0  598.05069    0  159  598.60000  598.05069  0.09%     -   14s
     0     0  598.05069    0   98  598.60000  598.05069  0.09%     -   14s
     0     0  598.05069    0  122  598.60000  598.05069  0.09%     -   14s
     0     0  598.13164    0  134  598.60000  598.13164  0.08%     -   14s
     0     0  598.13947    0  139  598.60000  598.13947  0.08%     -   14s
     0     0  598.19116    0  128  598.60000  598.19116  0.07%     -   14s
     0     0  598.19221    0  149  598.60000  598.19221  0.07%     -   14s
     0     0  598.19473    0  133  598.60000  598.19473  0.07%     -   14s
     0     2  598.19473    0  133  598.60000  598.19473  0.07%     -   14s

Cutting planes:
  Learned: 8
  Gomory: 30
  Cover: 153
  Implied bound: 113
  Clique: 57
  MIR: 236
  Flow cover: 8

Explored 467 nodes (28026 simplex iterations) in 14.44 seconds
Thread count was 4 (of 4 available processors)

Optimal solution found (tolerance 1.00e-04)
Best objective 5.986000000000e+02, best bound 5.986000000000e+02, gap 0.0%
Changed value of parameter UpdateMode to 1
   Prev: 0  Min: 0  Max: 1  Default: 0
Changed value of parameter TimeLimit to 100.0
   Prev: 1e+100  Min: 0.0  Max: 1e+100  Default: 1e+100
Changed value of parameter Presolve to 2
   Prev: -1  Min: -1  Max: 2  Default: -1
Changed value of parameter MIPFocus to 1
   Prev: 0  Min: 0  Max: 3  Default: 0
Optimize a model with 453843 rows, 416325 columns and 737004 nonzeros
Coefficient statistics:
  Matrix range    [1e+00, 2e+03]
  Objective range [1e-01, 1e+00]
  Bounds range    [1e+00, 2e+00]
  RHS range       [5e-02, 4e+00]
Found heuristic solution: objective 1017.7
Presolve removed 405816 rows and 381606 columns
Presolve time: 1.26s
Presolved: 48027 rows, 34719 columns, 146607 nonzeros
Found heuristic solution: objective 527.5000000
Variable types: 15984 continuous, 18735 integer (18735 binary)
Presolve removed 75 rows and 75 columns
Presolved: 47952 rows, 34644 columns, 127872 nonzeros


Root relaxation: objective 3.982518e+01, 18287 iterations, 0.28 seconds

    Nodes    |    Current Node    |     Objective Bounds      |     Work
 Expl Unexpl |  Obj  Depth IntInf | Incumbent    BestBd   Gap | It/Node Time

     0     0   39.82518    0 2336  527.50000   39.82518  92.5%     -    1s
H    0     0                     196.4000000   39.82518  79.7%     -    5s
H    0     0                     143.8000000   39.82518  72.3%     -    5s
     0     0   47.65080    0 1991  143.80000   47.65080  66.9%     -    6s
     0     0   47.65080    0 2363  143.80000   47.65080  66.9%     -    7s
H    0     0                     143.6000000   47.65080  66.8%     -    9s
     0     0   48.96803    0 1965  143.60000   48.96803  65.9%     -   10s
H    0     0                     138.5000000   48.96803  64.6%     -   10s
     0     0   52.96116    0 2176  138.50000   52.96116  61.8%     -   12s
     0     0   62.63164    0 2404  138.50000   62.63164  54.8%     -   15s
H    0     0                     136.3000000   62.63164  54.0%     -   16s
     0     0   66.92387    0 2647  136.30000   66.92387  50.9%     -   17s
     0     0   74.40406    0 2677  136.30000   74.40406  45.4%     -   19s
H    0     0                     133.6000000   74.40406  44.3%     -   20s
     0     0   77.16439    0 2828  133.60000   77.16439  42.2%     -   21s
     0     0   81.80136    0 3177  133.60000   81.80136  38.8%     -   24s
H    0     0                     132.6000000   81.80136  38.3%     -   25s
     0     0   83.20774    0 3414  132.60000   83.20774  37.2%     -   26s
     0     0   85.64184    0 3149  132.60000   85.64184  35.4%     -   29s
H    0     0                     132.4000000   85.64184  35.3%     -   53s
H    0     0                     126.2000000   85.64184  32.1%     -   56s
     0     2   85.64184    0 3095  126.20000   85.64184  32.1%     -   58s
     5     7   86.40918    5 2839  126.20000   85.64185  32.1%   357   60s
    11    14   87.99876    7 2833  126.20000   85.68482  32.1%   933   65s
    34    32   90.55837   18 2172  126.20000   85.68482  32.1%   467   70s
H  100    87                     122.4000000   85.68482  30.0%   194   73s
   114   116   99.31364   74 1116  122.40000   85.68482  30.0%   177   75s
H  168   169                     122.3000000   85.68482  29.9%   124   75s
H  200   187                     122.2000000   85.68482  29.9%   108   76s
H  315   317                     122.1000000   85.68482  29.8%  71.7   77s
H  471   477                     121.1000000   85.68482  29.2%  50.6   78s
   675   672  110.27942  385  359  121.10000   85.68482  29.2%  37.7   80s
H  776   776                     121.0000000   85.68482  29.2%  34.2   80s
H 1327  1198                     120.9000000   85.68482  29.1%  24.1   84s
  1386  1252     cutoff  648       120.90000   85.69674  29.1%  23.3   86s
H 1388  1250                     120.7000000   85.69674  29.0%  23.3   86s
H 1389  1230                     120.1000000   85.69674  28.6%  24.3   86s
H 1471  1261                     119.8000000   85.69674  28.5%  23.2   89s
  1475  1262  116.02452  448 1991  119.80000   85.69674  28.5%  25.4   92s
  1477  1263  107.73832  218 2362  119.80000   85.69674  28.5%  25.3   95s

Cutting planes:
  Gomory: 36
  Cover: 961
  Implied bound: 2316
  Clique: 183
  MIR: 1404
  Flow cover: 362
  Zero half: 1

Explored 1478 nodes (119964 simplex iterations) in 100.61 seconds
Thread count was 4 (of 4 available processors)

Time limit reached
Best objective 1.198000000000e+02, best bound 8.570000000000e+01, gap 28.4641%
Parameter TimeLimit unchanged
   Value: 100.0  Min: 0.0  Max: 1e+100  Default: 1e+100
Parameter Presolve unchanged
   Value: 2  Min: -1  Max: 2  Default: -1
Parameter MIPFocus unchanged
   Value: 1  Min: 0  Max: 3  Default: 0
Changed value of parameter Symmetry to 1
   Prev: -1  Min: -1  Max: 2  Default: -1
Changed value of parameter Heuristics to 0.3
   Prev: 0.05  Min: 0.0  Max: 1.0  Default: 0.05
Optimize a model with 453843 rows, 416325 columns and 737004 nonzeros
Coefficient statistics:
  Matrix range    [1e+00, 2e+03]
  Objective range [1e-01, 1e+00]
  Bounds range    [1e+00, 2e+00]
  RHS range       [5e-02, 4e+00]
Presolved: 48027 rows, 34719 columns, 146607 nonzeros

Continuing optimization...

  1479  1267   85.69674   13 2117  119.80000   85.69674  28.5%  38.9  105s
  1486  1272   85.69674   16 1847  119.80000   85.69674  28.5%  40.2  111s
  1490  1275   86.40301   17 1769  119.80000   85.69674  28.5%  46.3  116s
  1510  1285   89.67719   23 1404  119.80000   85.69674  28.5%  50.0  120s
  1602  1348   97.74864   53  780  119.80000   85.69674  28.5%  51.7  126s
H 1700  1327                     118.2000000   85.69674  27.5%  50.5  128s
  1774  1400  106.32380  102  544  118.20000   85.69674  27.5%  48.9  130s
H 1800  1332                     117.5000000   85.69674  27.1%  48.2  130s
  2260  1661  109.67065  237  283  117.50000   85.69674  27.1%  39.7  136s
  2692  1951  114.08394  345  145  117.50000   85.69674  27.1%  34.1  141s
  3063  2150   86.45039   15 1868  117.50000   85.69674  27.1%  32.2  146s
  3157  2198   87.83031   16 1623  117.50000   85.69674  27.1%  31.7  150s
  3287  2244   89.76933   20 1426  117.50000   85.69674  27.1%  32.1  155s
  3320  2267   92.89487   30 1105  117.50000   85.69674  27.1%  33.2  160s
  3436  2347  103.28837   56  782  117.50000   85.69674  27.1%  34.1  165s
H 3488  2317                     117.4000000   85.69674  27.0%  33.9  165s
H 3602  2333                     117.2000000   85.69674  26.9%  33.3  170s
H 3750  2333                     116.8000000   85.69674  26.6%  32.1  172s
  3812  2379  110.03297  117  540  116.80000   85.69674  26.6%  31.7  176s
  3941  2447  111.49125  155  453  116.80000   85.69674  26.6%  30.8  182s
  4042  2532  112.32999  175  425  116.80000   85.69674  26.6%  30.2  187s
  4044  2546  112.37221  176  424  116.80000   85.69674  26.6%  30.2  193s
  4110  2612  113.08256  195  400  116.80000   85.69674  26.6%  29.8  196s
  4261  2615  114.45966  232  345  116.80000   85.69674  26.6%  29.0  200s

Cutting planes:
  Gomory: 39
  Cover: 1147
  Implied bound: 2453
  Clique: 191
  MIR: 1834
  Flow cover: 725
  Zero half: 1

Explored 4628 nodes (188659 simplex iterations) in 100.04 seconds
Thread count was 4 (of 4 available processors)

Time limit reached
Best objective 1.168000000000e+02, best bound 8.570000000000e+01, gap 26.6267%
Parameter TimeLimit unchanged
   Value: 100.0  Min: 0.0  Max: 1e+100  Default: 1e+100
Parameter Presolve unchanged
   Value: 2  Min: -1  Max: 2  Default: -1
Parameter MIPFocus unchanged
   Value: 1  Min: 0  Max: 3  Default: 0
Parameter Symmetry unchanged
   Value: 1  Min: -1  Max: 2  Default: -1
Parameter Heuristics unchanged
   Value: 0.3  Min: 0.0  Max: 1.0  Default: 0.05
Changed value of parameter Cuts to 2
   Prev: -1  Min: -1  Max: 3  Default: -1
Optimize a model with 453843 rows, 416325 columns and 737004 nonzeros
Coefficient statistics:
  Matrix range    [1e+00, 2e+03]
  Objective range [1e-01, 1e+00]
  Bounds range    [1e+00, 2e+00]
  RHS range       [5e-02, 4e+00]
Presolved: 48027 rows, 34719 columns, 146607 nonzeros

Continuing optimization...

  4628  2949   85.79790   15 1953  116.80000   85.69674  26.6%  27.7  203s
  4811  3132   85.90820   16 1821  116.80000   85.69674  26.6%  27.2  206s
  4903  3280   86.37647   18 1605  116.80000   85.69674  26.6%  26.8  211s
  5133  3401   92.71047   28 1132  116.80000   85.69674  26.6%  26.4  215s
  5685  3955  107.05694  138  558  116.80000   85.69674  26.6%  24.9  221s
H 5930  3879                     116.2000000   85.69674  26.3%  24.6  228s
  6025  3997  112.10677  260  375  116.20000   85.69674  26.3%  24.3  233s
  6277  4291  114.32928  335  291  116.20000   85.69674  26.3%  24.0  237s
  6618  4544  115.44479  369  253  116.20000   85.69674  26.3%  23.4  241s
  7139  5057     cutoff  390       116.20000   85.69674  26.3%  22.1  246s
  7209  5129   86.98004   17 1605  116.20000   85.69674  26.3%  22.3  251s
  7604  5514   89.79857   25 1415  116.20000   85.69674  26.3%  21.7  255s
  7946  5871   94.33378   34 1184  116.20000   85.69674  26.3%  21.5  260s
  8332  6245  101.16095   72  732  116.20000   85.69674  26.3%  20.9  270s
  8838  6741  108.74275  207  452  116.20000   85.69674  26.3%  20.3  276s
  9205  7022  110.82435  265  373  116.20000   85.69674  26.3%  20.1  280s
  9288  7149  111.97643  305  309  116.20000   85.69674  26.3%  20.1  285s
  9859  7655  113.41696  346  251  116.20000   85.69674  26.3%  19.3  294s
 10359  8131  115.49536  410  199  116.20000   85.69674  26.3%  19.0  298s

Cutting planes:
  Gomory: 45
  Cover: 1382
  Implied bound: 2658
  Clique: 224
  MIR: 1982
  Flow cover: 798
  Zero half: 1

Explored 10493 nodes (269493 simplex iterations) in 100.04 seconds
Thread count was 4 (of 4 available processors)

Time limit reached
Best objective 1.162000000000e+02, best bound 8.570000000000e+01, gap 26.2478%
Changed value of parameter UpdateMode to 1
   Prev: 0  Min: 0  Max: 1  Default: 0
Changed value of parameter TimeLimit to 100.0
   Prev: 1e+100  Min: 0.0  Max: 1e+100  Default: 1e+100
Changed value of parameter Presolve to 2
   Prev: -1  Min: -1  Max: 2  Default: -1
Changed value of parameter MIPFocus to 1
   Prev: 0  Min: 0  Max: 3  Default: 0
Changed value of parameter Symmetry to 1
   Prev: -1  Min: -1  Max: 2  Default: -1
Changed value of parameter Heuristics to 0.6
   Prev: 0.05  Min: 0.0  Max: 1.0  Default: 0.05
Optimize a model with 453843 rows, 416325 columns and 737004 nonzeros
Coefficient statistics:
  Matrix range    [1e+00, 2e+03]
  Objective range [1e-01, 1e+00]
  Bounds range    [1e+00, 2e+00]
  RHS range       [5e-02, 4e+00]
Found heuristic solution: objective 1017.7
Presolve removed 405816 rows and 381606 columns
Presolve time: 1.46s
Presolved: 48027 rows, 34719 columns, 146607 nonzeros
Found heuristic solution: objective 527.5000000
Variable types: 15984 continuous, 18735 integer (18735 binary)
Presolve removed 75 rows and 75 columns
Presolved: 47952 rows, 34644 columns, 127872 nonzeros


Root relaxation: objective 3.982518e+01, 18287 iterations, 0.38 seconds

    Nodes    |    Current Node    |     Objective Bounds      |     Work
 Expl Unexpl |  Obj  Depth IntInf | Incumbent    BestBd   Gap | It/Node Time

     0     0   39.82518    0 2336  527.50000   39.82518  92.5%     -    2s
H    0     0                     196.4000000   39.82518  79.7%     -    7s
H    0     0                     143.8000000   39.82518  72.3%     -    7s
     0     0   47.65080    0 1991  143.80000   47.65080  66.9%     -    8s
     0     0   47.65080    0 2363  143.80000   47.65080  66.9%     -    9s
H    0     0                     143.6000000   47.65080  66.8%     -   11s
     0     0   48.96803    0 1965  143.60000   48.96803  65.9%     -   11s
H    0     0                     138.5000000   48.96803  64.6%     -   12s
     0     0   52.96116    0 2176  138.50000   52.96116  61.8%     -   14s
     0     0   62.63164    0 2404  138.50000   62.63164  54.8%     -   19s
H    0     0                     136.3000000   62.63164  54.0%     -   19s
     0     0   66.92387    0 2647  136.30000   66.92387  50.9%     -   21s
     0     0   74.40406    0 2677  136.30000   74.40406  45.4%     -   23s
H    0     0                     133.6000000   74.40406  44.3%     -   24s
     0     0   77.16439    0 2828  133.60000   77.16439  42.2%     -   26s
     0     0   81.80136    0 3177  133.60000   81.80136  38.8%     -   29s
H    0     0                     132.6000000   81.80136  38.3%     -   30s
     0     0   83.20774    0 3414  132.60000   83.20774  37.2%     -   32s
     0     0   85.64184    0 3149  132.60000   85.64184  35.4%     -   37s
H    0     0                     124.4000000   85.64184  31.2%     -   61s
H    0     0                     123.0000000   85.64184  30.4%     -   65s
     0     2   85.64184    0 3101  123.00000   85.64184  30.4%     -   69s
     3     5   85.70894    3 3057  123.00000   85.64185  30.4%   451   70s
    11    14   87.99779    7 2820  123.00000   85.68482  30.3%   922   75s
    17    16   88.25971   10 2681  123.00000   85.68482  30.3%   718   91s
    37    37   91.42326   19 2093  123.00000   85.68482  30.3%   436   95s
H   59    50                     122.8000000   85.68482  30.2%   308   96s
H  100    71                     120.1000000   85.68482  28.7%   194   98s
   113   113   99.13971   67 1225  120.10000   85.68482  28.7%   181  100s

Cutting planes:
  Gomory: 44
  Cover: 1413
  Implied bound: 2740
  Clique: 189
  MIR: 3038

Explored 179 nodes (84973 simplex iterations) in 100.04 seconds
Thread count was 4 (of 4 available processors)

Time limit reached
Best objective 1.201000000000e+02, best bound 8.570000000000e+01, gap 28.6428%
Changed value of parameter TuneTimeLimit to 600.0
   Prev: -1.0  Min: -1.0  Max: 1e+100  Default: -1.0

Solving model using baseline parameter set with TimeLimit=100s

Solving with random seed #1 ...
Optimize a model with 453843 rows, 416325 columns and 737004 nonzeros
Coefficient statistics:
  Matrix range    [1e+00, 2e+03]
  Objective range [1e-01, 1e+00]
  Bounds range    [1e+00, 2e+00]
  RHS range       [5e-02, 4e+00]
Found heuristic solution: objective 1017.7
Presolve removed 405816 rows and 381606 columns
Presolve time: 1.08s
Presolved: 48027 rows, 34719 columns, 146607 nonzeros
Found heuristic solution: objective 527.5000000
Variable types: 15984 continuous, 18735 integer (18735 binary)
Presolve removed 75 rows and 75 columns
Presolved: 47952 rows, 34644 columns, 127872 nonzeros


Root relaxation: objective 3.982518e+01, 18287 iterations, 0.24 seconds

    Nodes    |    Current Node    |     Objective Bounds      |     Work
 Expl Unexpl |  Obj  Depth IntInf | Incumbent    BestBd   Gap | It/Node Time

     0     0   39.82518    0 2336  527.50000   39.82518  92.5%     -    1s
H    0     0                     196.4000000   39.82518  79.7%     -    5s
H    0     0                     143.8000000   39.82518  72.3%     -    5s
     0     0   47.65080    0 1991  143.80000   47.65080  66.9%     -    6s
     0     0   47.65080    0 2363  143.80000   47.65080  66.9%     -    7s
H    0     0                     143.6000000   47.65080  66.8%     -    9s
     0     0   48.96803    0 1965  143.60000   48.96803  65.9%     -    9s
H    0     0                     138.5000000   48.96803  64.6%     -   10s
     0     0   52.96116    0 2176  138.50000   52.96116  61.8%     -   11s
     0     0   62.63164    0 2404  138.50000   62.63164  54.8%     -   14s
H    0     0                     136.3000000   62.63164  54.0%     -   15s
     0     0   66.92387    0 2647  136.30000   66.92387  50.9%     -   16s
     0     0   74.40406    0 2677  136.30000   74.40406  45.4%     -   19s
H    0     0                     133.6000000   74.40406  44.3%     -   19s

Gurobi 6.5.0 (linux64) logging started Thu Apr  6 22:25:02 2017

Changed value of parameter UpdateMode to 1
   Prev: 0  Min: 0  Max: 1  Default: 0
Changed value of parameter TimeLimit to 30.0
   Prev: 1e+100  Min: 0.0  Max: 1e+100  Default: 1e+100
Changed value of parameter TuneTimeLimit to 600.0
   Prev: -1.0  Min: -1.0  Max: 1e+100  Default: -1.0

Solving model using baseline parameter set with TimeLimit=30s

Solving with random seed #1 ...
Optimize a model with 453843 rows, 416325 columns and 737004 nonzeros
Coefficient statistics:
  Matrix range    [1e+00, 2e+03]
  Objective range [1e-01, 1e+00]
  Bounds range    [1e+00, 2e+00]
  RHS range       [5e-02, 4e+00]
Found heuristic solution: objective 1017.7
Presolve removed 405816 rows and 381606 columns
Presolve time: 0.91s
Presolved: 48027 rows, 34719 columns, 146607 nonzeros
Found heuristic solution: objective 527.5000000
Variable types: 15984 continuous, 18735 integer (18735 binary)

Root relaxation: objective 3.982518e+01, 19923 iterations, 0.31 seconds

    Nodes    |    Current Node    |     Objective Bounds      |     Work
 Expl Unexpl |  Obj  Depth IntInf | Incumbent    BestBd   Gap | It/Node Time

     0     0   39.82518    0 2336  527.50000   39.82518  92.5%     -    1s
H    0     0                     197.1000000   39.82518  79.8%     -    5s
H    0     0                     139.7000000   39.82518  71.5%     -    5s
     0     0   48.25095    0 1959  139.70000   48.25095  65.5%     -    6s
     0     0   48.25095    0 2363  139.70000   48.25095  65.5%     -    7s
H    0     0                     139.5000000   48.25095  65.4%     -   10s
     0     0   49.64070    0 1946  139.50000   49.64070  64.4%     -   10s
H    0     0                     134.2000000   49.64070  63.0%     -   11s
     0     0   53.36009    0 2146  134.20000   53.36009  60.2%     -   12s
     0     0   62.34982    0 2405  134.20000   62.34982  53.5%     -   16s
H    0     0                     132.2000000   62.34982  52.8%     -   17s
     0     0   66.38694    0 2646  132.20000   66.38694  49.8%     -   19s
     0     0   73.61386    0 2822  132.20000   73.61386  44.3%     -   22s
H    0     0                     129.9000000   73.61386  43.3%     -   23s
     0     0   76.49002    0 2953  129.90000   76.49002  41.1%     -   25s
     0     0   81.44261    0 3245  129.90000   81.44261  37.3%     -   28s
H    0     0                     129.0000000   81.44261  36.9%     -   29s
     0     0          -    0       129.00000   81.44261  36.9%     -   30s

Cutting planes:
  Gomory: 80
  Cover: 1292
  Implied bound: 3274
  Clique: 161
  MIR: 3440

Explored 0 nodes (64689 simplex iterations) in 30.02 seconds
Thread count was 4 (of 4 available processors)

Time limit reached
Best objective 1.290000000000e+02, best bound 8.150000000000e+01, gap 36.8217%

Solving with random seed #2 ...
Optimize a model with 453843 rows, 416325 columns and 737004 nonzeros
Coefficient statistics:
  Matrix range    [1e+00, 2e+03]
  Objective range [1e-01, 1e+00]
  Bounds range    [1e+00, 2e+00]
  RHS range       [5e-02, 4e+00]
Found heuristic solution: objective 1017.7
Presolve removed 405816 rows and 381606 columns
Presolve time: 0.97s
Presolved: 48027 rows, 34719 columns, 146607 nonzeros
Found heuristic solution: objective 527.5000000
Variable types: 15984 continuous, 18735 integer (18735 binary)

Root relaxation: objective 3.982518e+01, 20157 iterations, 0.32 seconds

    Nodes    |    Current Node    |     Objective Bounds      |     Work
 Expl Unexpl |  Obj  Depth IntInf | Incumbent    BestBd   Gap | It/Node Time

     0     0   39.82518    0 2336  527.50000   39.82518  92.5%     -    1s
H    0     0                     189.2000000   39.82518  79.0%     -    5s
H    0     0                     139.7000000   39.82518  71.5%     -    6s
     0     0   48.22895    0 1970  139.70000   48.22895  65.5%     -    6s
     0     0   48.22895    0 2363  139.70000   48.22895  65.5%     -    7s
H    0     0                     139.5000000   48.22895  65.4%     -   10s
     0     0   49.45379    0 1967  139.50000   49.45379  64.5%     -   11s
H    0     0                     134.2000000   49.45379  63.1%     -   12s
     0     0   53.27206    0 2133  134.20000   53.27206  60.3%     -   14s
     0     0   62.24951    0 2403  134.20000   62.24951  53.6%     -   20s
H    0     0                     132.1000000   62.24951  52.9%     -   21s
     0     0   66.53600    0 2650  132.10000   66.53600  49.6%     -   23s
     0     0   73.29857    0 2795  132.10000   73.29857  44.5%     -   26s
H    0     0                     129.5000000   73.29857  43.4%     -   27s
     0     0          -    0       129.50000   73.29857  43.4%     -   30s

Cutting planes:
  Gomory: 158
  Cover: 1154
  Implied bound: 3415
  Clique: 105
  MIR: 3433

Explored 0 nodes (58261 simplex iterations) in 30.04 seconds
Thread count was 4 (of 4 available processors)

Time limit reached
Best objective 1.295000000000e+02, best bound 7.330000000000e+01, gap 43.3977%

Solving with random seed #3 ...
Optimize a model with 453843 rows, 416325 columns and 737004 nonzeros
Coefficient statistics:
  Matrix range    [1e+00, 2e+03]
  Objective range [1e-01, 1e+00]
  Bounds range    [1e+00, 2e+00]
  RHS range       [5e-02, 4e+00]
Found heuristic solution: objective 1017.7
Presolve removed 405816 rows and 381606 columns
Presolve time: 1.04s
Presolved: 48027 rows, 34719 columns, 146607 nonzeros
Found heuristic solution: objective 527.5000000
Variable types: 15984 continuous, 18735 integer (18735 binary)

Root relaxation: objective 3.982518e+01, 20030 iterations, 0.33 seconds

    Nodes    |    Current Node    |     Objective Bounds      |     Work
 Expl Unexpl |  Obj  Depth IntInf | Incumbent    BestBd   Gap | It/Node Time

     0     0   39.82518    0 2336  527.50000   39.82518  92.5%     -    1s
H    0     0                     194.4000000   39.82518  79.5%     -    6s
H    0     0                     139.7000000   39.82518  71.5%     -    6s
     0     0   47.85176    0 1992  139.70000   47.85176  65.7%     -    7s
     0     0   47.85176    0 2363  139.70000   47.85176  65.7%     -    8s
H    0     0                     139.5000000   47.85176  65.7%     -   10s
     0     0   49.28449    0 1973  139.50000   49.28449  64.7%     -   11s
H    0     0                     134.3000000   49.28449  63.3%     -   12s
     0     0   53.19803    0 2123  134.30000   53.19803  60.4%     -   13s
     0     0   63.01469    0 2401  134.30000   63.01469  53.1%     -   18s
H    0     0                     132.0000000   63.01469  52.3%     -   19s
     0     0   67.42083    0 2637  132.00000   67.42083  48.9%     -   21s
     0     0   73.87728    0 2768  132.00000   73.87728  44.0%     -   24s
     0     0   77.04528    0 2917  132.00000   77.04528  41.6%     -   28s
     0     0          -    0       132.00000   77.04528  41.6%     -   30s

Cutting planes:
  Gomory: 129
  Cover: 1329
  Implied bound: 3959
  Clique: 167
  MIR: 3254

Explored 0 nodes (60378 simplex iterations) in 30.03 seconds
Thread count was 4 (of 4 available processors)

Time limit reached
Best objective 1.320000000000e+02, best bound 7.710000000000e+01, gap 41.5909%


-------------------------------------------------------------------------------
Begin tuning (baseline mean MIP gap 40.6% )...
-------------------------------------------------------------------------------

Testing candidate parameter set 2...

	Method 0
	UpdateMode 1

Solving with random seed #1 ... MIP gap 37.5% 
Solving with random seed #2 ... MIP gap 37.4% 
Solving with random seed #3 ... MIP gap 40.6% 

Improvement found: baseline MIP gap 40.6% , best MIP gap 38.5% 
Total elapsed tuning time 180s (420s remaining)

-------------------------------------------------------------------------------

Testing candidate parameter set 3...

	Cuts 0
	UpdateMode 1

Solving with random seed #1 ... MIP gap 65.0% 
Solving with random seed #2 ... MIP gap 65.6%+

Progress so far: baseline MIP gap 40.6% , best MIP gap 38.5% 
Total elapsed tuning time 240s (360s remaining)

-------------------------------------------------------------------------------

Testing candidate parameter set 4...

	PrePasses 3
	UpdateMode 1

Solving with random seed #1 ... MIP gap 41.1% 
Solving with random seed #2 ... MIP gap 41.1% 
Solving with random seed #3 ... MIP gap 41.6%+

Progress so far: baseline MIP gap 40.6% , best MIP gap 38.5% 
Total elapsed tuning time 331s (269s remaining)

-------------------------------------------------------------------------------

Testing candidate parameter set 5...

	GomoryPasses 0
	UpdateMode 1

Solving with random seed #1 ... MIP gap 43.9% 
Solving with random seed #2 ... MIP gap 42.7% 
Solving with random seed #3 ... MIP gap 42.6%+

Progress so far: baseline MIP gap 40.6% , best MIP gap 38.5% 
Total elapsed tuning time 421s (179s remaining)

-------------------------------------------------------------------------------

Testing candidate parameter set 6...

	SimplexPricing 0
	UpdateMode 1

Solving with random seed #1 ... MIP gap 45.9% 
Solving with random seed #2 ... MIP gap 45.2% 
Solving with random seed #3 ... MIP gap 45.0%+

Progress so far: baseline MIP gap 40.6% , best MIP gap 38.5% 
Total elapsed tuning time 511s (89s remaining)

-------------------------------------------------------------------------------

Testing candidate parameter set 7...

	Method 2
	UpdateMode 1

Solving with random seed #1 ... MIP gap 44.8% 
Solving with random seed #2 ... MIP gap 37.1% 
Solving with random seed #3 ... 

Tune time limit reached.

-------------------------------------------------------------------------------

Tested 6 parameter sets in 600.05s

Baseline parameter set: MIP gap 40.6% 

Improved parameter set 1 (MIP gap 38.5% ):

	Method 0
	UpdateMode 1

Changed value of parameter TimeLimit to 10.0
   Prev: 30.0  Min: 0.0  Max: 1e+100  Default: 1e+100
Parameter TuneTimeLimit unchanged
   Value: 600.0  Min: -1.0  Max: 1e+100  Default: -1.0

Solving model using baseline parameter set with TimeLimit=10s

Solving with random seed #1 ...
Optimize a model with 453843 rows, 416325 columns and 737004 nonzeros
Coefficient statistics:
  Matrix range    [1e+00, 2e+03]
  Objective range [1e-01, 1e+00]
  Bounds range    [1e+00, 2e+00]
  RHS range       [5e-02, 4e+00]
Found heuristic solution: objective 1017.7
Presolve removed 405816 rows and 381606 columns
Presolve time: 0.93s
Presolved: 48027 rows, 34719 columns, 146607 nonzeros
Found heuristic solution: objective 527.5000000
Variable types: 15984 continuous, 18735 integer (18735 binary)
Presolve removed 75 rows and 75 columns

Root relaxation: objective 3.982518e+01, 36816 iterations, 0.29 seconds

    Nodes    |    Current Node    |     Objective Bounds      |     Work
 Expl Unexpl |  Obj  Depth IntInf | Incumbent    BestBd   Gap | It/Node Time

     0     0   39.82518    0 2336  527.50000   39.82518  92.5%     -    1s
H    0     0                     195.6000000   39.82518  79.6%     -    5s
H    0     0                     142.9000000   39.82518  72.1%     -    5s
     0     0   47.74492    0 1944  142.90000   47.74492  66.6%     -    5s
H    0     0                     142.5000000   47.74492  66.5%     -    7s
     0     0   51.79434    0 2356  142.50000   51.79434  63.7%     -    9s

Cutting planes:
  Gomory: 82
  Cover: 607
  Implied bound: 1535
  Clique: 16
  MIR: 1274

Explored 0 nodes (42044 simplex iterations) in 10.06 seconds
Thread count was 4 (of 4 available processors)

Time limit reached
Best objective 1.425000000000e+02, best bound 5.180000000000e+01, gap 63.6491%

Solving with random seed #2 ...
Optimize a model with 453843 rows, 416325 columns and 737004 nonzeros
Coefficient statistics:
  Matrix range    [1e+00, 2e+03]
  Objective range [1e-01, 1e+00]
  Bounds range    [1e+00, 2e+00]
  RHS range       [5e-02, 4e+00]
Found heuristic solution: objective 1017.7
Presolve removed 405816 rows and 381606 columns
Presolve time: 0.92s
Presolved: 48027 rows, 34719 columns, 146607 nonzeros
Found heuristic solution: objective 527.5000000
Variable types: 15984 continuous, 18735 integer (18735 binary)
Presolve removed 75 rows and 75 columns

Root relaxation: objective 3.982518e+01, 36816 iterations, 0.29 seconds

    Nodes    |    Current Node    |     Objective Bounds      |     Work
 Expl Unexpl |  Obj  Depth IntInf | Incumbent    BestBd   Gap | It/Node Time

     0     0   39.82518    0 2336  527.50000   39.82518  92.5%     -    1s
H    0     0                     196.0000000   39.82518  79.7%     -    5s
H    0     0                     142.9000000   39.82518  72.1%     -    5s
     0     0   47.74492    0 1944  142.90000   47.74492  66.6%     -    5s
H    0     0                     142.5000000   47.74492  66.5%     -    7s
     0     0   51.79434    0 2356  142.50000   51.79434  63.7%     -    9s

Cutting planes:
  Gomory: 82
  Cover: 607
  Implied bound: 1535
  Clique: 16
  MIR: 1274

Explored 0 nodes (42044 simplex iterations) in 10.06 seconds
Thread count was 4 (of 4 available processors)

Time limit reached
Best objective 1.425000000000e+02, best bound 5.180000000000e+01, gap 63.6491%

Solving with random seed #3 ...
Optimize a model with 453843 rows, 416325 columns and 737004 nonzeros
Coefficient statistics:
  Matrix range    [1e+00, 2e+03]
  Objective range [1e-01, 1e+00]
  Bounds range    [1e+00, 2e+00]
  RHS range       [5e-02, 4e+00]
Found heuristic solution: objective 1017.7
Presolve removed 405816 rows and 381606 columns
Presolve time: 0.94s
Presolved: 48027 rows, 34719 columns, 146607 nonzeros
Found heuristic solution: objective 527.5000000
Variable types: 15984 continuous, 18735 integer (18735 binary)
Presolve removed 75 rows and 75 columns

Root relaxation: objective 3.982518e+01, 36816 iterations, 0.30 seconds

    Nodes    |    Current Node    |     Objective Bounds      |     Work
 Expl Unexpl |  Obj  Depth IntInf | Incumbent    BestBd   Gap | It/Node Time

     0     0   39.82518    0 2336  527.50000   39.82518  92.5%     -    1s
H    0     0                     196.3000000   39.82518  79.7%     -    5s
H    0     0                     142.9000000   39.82518  72.1%     -    6s
     0     0   47.74492    0 1944  142.90000   47.74492  66.6%     -    6s
H    0     0                     142.5000000   47.74492  66.5%     -    8s
     0     0          -    0       142.50000   47.74492  66.5%     -   10s

Cutting planes:
  Gomory: 99
  Cover: 816
  Implied bound: 1915
  Clique: 21
  MIR: 1710

Explored 0 nodes (41535 simplex iterations) in 10.02 seconds
Thread count was 4 (of 4 available processors)

Time limit reached
Best objective 1.425000000000e+02, best bound 4.780000000000e+01, gap 66.4561%


-------------------------------------------------------------------------------
Begin tuning (baseline mean MIP gap 64.6% )...
-------------------------------------------------------------------------------

Testing candidate parameter set 2...

	Method 0
	MIPFocus 2
	UpdateMode 1

Solving with random seed #1 ... MIP gap 65.5% 
Solving with random seed #2 ... MIP gap 65.6% 
Solving with random seed #3 ... MIP gap 65.5%+

Total elapsed tuning time 60s (540s remaining)

-------------------------------------------------------------------------------

Testing candidate parameter set 3...

	Method 0
	BranchDir -1
	UpdateMode 1

Solving with random seed #1 ... MIP gap 66.5% 
Solving with random seed #2 ... MIP gap 66.5% 
Solving with random seed #3 ... MIP gap 66.5%+

Total elapsed tuning time 90s (510s remaining)

-------------------------------------------------------------------------------

Testing candidate parameter set 4...

	Method 0
	Cuts 0
	UpdateMode 1

Solving with random seed #1 ... MIP gap 72.1% 
Solving with random seed #2 ... MIP gap 72.1% 
Solving with random seed #3 ... MIP gap 72.1%+

Total elapsed tuning time 121s (479s remaining)

-------------------------------------------------------------------------------

Testing candidate parameter set 5...

	Method 0
	PrePasses 3
	UpdateMode 1

Solving with random seed #1 ... MIP gap 66.5% 
Solving with random seed #2 ... MIP gap 66.5% 
Solving with random seed #3 ... MIP gap 66.5%+

Total elapsed tuning time 151s (449s remaining)

-------------------------------------------------------------------------------

Testing candidate parameter set 6...

	Method 0
	VarBranch 1
	UpdateMode 1

Solving with random seed #1 ... MIP gap 66.5% 
Solving with random seed #2 ... MIP gap 66.5% 
Solving with random seed #3 ... MIP gap 66.5%+

Total elapsed tuning time 181s (419s remaining)

-------------------------------------------------------------------------------

Testing candidate parameter set 7...

	Method 0
	SimplexPricing 0
	UpdateMode 1

Solving with random seed #1 ... MIP gap 65.5% 
Solving with random seed #2 ... MIP gap 65.5% 
Solving with random seed #3 ... MIP gap 66.6%+

Total elapsed tuning time 211s (389s remaining)

-------------------------------------------------------------------------------

Testing candidate parameter set 8...

	Method 0
	MIPFocus 3
	UpdateMode 1

Solving with random seed #1 ... MIP gap 66.5% 
Solving with random seed #2 ... MIP gap 66.5% 
Solving with random seed #3 ... MIP gap 66.5%+

Total elapsed tuning time 242s (358s remaining)

-------------------------------------------------------------------------------

Testing candidate parameter set 9...

	Method 0
	SimplexPricing 1
	UpdateMode 1

Solving with random seed #1 ... MIP gap 66.8% 
Solving with random seed #2 ... MIP gap 66.8% 
Solving with random seed #3 ... MIP gap 66.8%+

Total elapsed tuning time 272s (328s remaining)

-------------------------------------------------------------------------------

Testing candidate parameter set 10...

	Method 0
	Heuristics 0.5
	UpdateMode 1

Solving with random seed #1 ... MIP gap 66.5% 
Solving with random seed #2 ... MIP gap 66.5% 
Solving with random seed #3 ... MIP gap 66.5%+

Total elapsed tuning time 302s (298s remaining)

-------------------------------------------------------------------------------

Testing candidate parameter set 11...

	Method 0
	Heuristics 0.001
	UpdateMode 1

Solving with random seed #1 ... MIP gap 73.3% 
Solving with random seed #2 ... MIP gap 73.1% 
Solving with random seed #3 ... MIP gap 73.6%+

Total elapsed tuning time 332s (268s remaining)

-------------------------------------------------------------------------------

Testing candidate parameter set 12...

	Method 0
	Heuristics 0
	MIPFocus 3
	UpdateMode 1

Solving with random seed #1 ... MIP gap -

Total elapsed tuning time 342s (258s remaining)

-------------------------------------------------------------------------------

Testing candidate parameter set 13...

	Method 0
	Heuristics 0.001
	MIPFocus 2
	UpdateMode 1

Solving with random seed #1 ... MIP gap 72.7% 
Solving with random seed #2 ... MIP gap 73.1% 
Solving with random seed #3 ... MIP gap 73.7%+

Total elapsed tuning time 372s (228s remaining)

-------------------------------------------------------------------------------

Testing candidate parameter set 14...

	Method 0
	Cuts 2
	UpdateMode 1

Solving with random seed #1 ... MIP gap 65.2% 
Solving with random seed #2 ... MIP gap 65.2% 
Solving with random seed #3 ... MIP gap 65.2%+

Total elapsed tuning time 402s (198s remaining)

-------------------------------------------------------------------------------

Testing candidate parameter set 15...

	Method 0
	Heuristics 0.5
	CutPasses 1
	UpdateMode 1

Solving with random seed #1 ... MIP gap 66.5% 
Solving with random seed #2 ... MIP gap 66.5% 
Solving with random seed #3 ... MIP gap 66.5%+

Total elapsed tuning time 432s (168s remaining)

-------------------------------------------------------------------------------

Testing candidate parameter set 16...

	Method 0
	MIPFocus 2
	PrePasses 8
	UpdateMode 1

Solving with random seed #1 ... MIP gap 66.8% 
Solving with random seed #2 ... MIP gap 65.6% 
Solving with random seed #3 ... MIP gap 92.4%+

Total elapsed tuning time 463s (137s remaining)

-------------------------------------------------------------------------------

Testing candidate parameter set 17...

	Method 0
	GomoryPasses 5
	UpdateMode 1

Solving with random seed #1 ... MIP gap 92.4% 
Solving with random seed #2 ... MIP gap 92.4% 
Solving with random seed #3 ... MIP gap 92.4%+

Total elapsed tuning time 493s (107s remaining)

-------------------------------------------------------------------------------

Testing candidate parameter set 18...

	Method 0
	Presolve 2
	UpdateMode 1

Solving with random seed #1 ... MIP gap 92.4% 
Solving with random seed #2 ... MIP gap 92.4% 
Solving with random seed #3 ... MIP gap 66.9%+

Total elapsed tuning time 524s (76s remaining)

-------------------------------------------------------------------------------

Testing candidate parameter set 19...

	Method 0
	PrePasses 1
	UpdateMode 1

Solving with random seed #1 ... MIP gap 66.5% 
Solving with random seed #2 ... MIP gap 66.8% 
Solving with random seed #3 ... MIP gap 66.5%+

Total elapsed tuning time 554s (46s remaining)

-------------------------------------------------------------------------------

Testing candidate parameter set 20...

	Method 0
	MIPFocus 2
	GomoryPasses 1
	UpdateMode 1

Solving with random seed #1 ... MIP gap 66.8% 
Solving with random seed #2 ... MIP gap 65.6% 
Solving with random seed #3 ... MIP gap 65.5%+

Total elapsed tuning time 584s (16s remaining)

-------------------------------------------------------------------------------

Testing candidate parameter set 21...

	Method 0
	SimplexPricing 0
	CutPasses 1
	UpdateMode 1

Solving with random seed #1 ... MIP gap 66.6% 
Solving with random seed #2 ... 

Tune time limit reached.

-------------------------------------------------------------------------------

Tested 20 parameter sets in 600.24s

Baseline parameter set: MIP gap 64.6% 

-------------------------------------------------------------------------------

Tested 20 parameter sets in 600.25s
Unable to improve on baseline parameter set.

